
> frontend@0.1.0 start
> react-scripts start

(node:93320) [DEP0176] DeprecationWarning: fs.F_OK is deprecated, use fs.constants.F_OK instead
(Use `node --trace-deprecation ...` to show where the warning was created)
(node:93320) [DEP_WEBPACK_DEV_SERVER_ON_AFTER_SETUP_MIDDLEWARE] DeprecationWarning: 'onAfterSetupMiddleware' option is deprecated. Please use the 'setupMiddlewares' option.
(node:93320) [DEP_WEBPACK_DEV_SERVER_ON_BEFORE_SETUP_MIDDLEWARE] DeprecationWarning: 'onBeforeSetupMiddleware' option is deprecated. Please use the 'setupMiddlewares' option.
Starting the development server...

Compiled successfully!

You can now view frontend in the browser.

  Local:            http://localhost:3000
  On Your Network:  http://192.168.1.177:3000

Note that the development build is not optimized.
To create a production build, use npm run build.

webpack compiled successfully
Files successfully emitted, waiting for typecheck results...
Issues checking in progress...
No issues found.
Compiling...
Compiled with warnings.

[eslint] 
src/services/api.js
  Line 636:1:  Assign object to a variable before exporting as module default  import/no-anonymous-default-export
  Line 705:3:  Duplicate key 'getMediaContacts'                                no-dupe-keys
  Line 711:3:  Duplicate key 'createMediaContact'                              no-dupe-keys

Search for the keywords to learn more about each warning.
To ignore, add // eslint-disable-next-line to the line before.

WARNING in [eslint] 
src/services/api.js
  Line 636:1:  Assign object to a variable before exporting as module default  import/no-anonymous-default-export
  Line 705:3:  Duplicate key 'getMediaContacts'                                no-dupe-keys
  Line 711:3:  Duplicate key 'createMediaContact'                              no-dupe-keys

webpack compiled with 1 warning
No issues found.
Compiling...
Compiled with warnings.

[eslint] 
src/components/Intelligence/IntelligenceSummaryDashboard.js
  Line 3:3:     'Clock' is defined but never used                                                                                     no-unused-vars
  Line 4:44:    'Filter' is defined but never used                                                                                    no-unused-vars
  Line 5:3:     'ChevronRight' is defined but never used                                                                              no-unused-vars
  Line 6:31:    'Calendar' is defined but never used                                                                                  no-unused-vars
  Line 242:13:  'mockNews' is assigned a value but never used                                                                         no-unused-vars
  Line 340:6:   React Hook useEffect has a missing dependency: 'fetchIntelligence'. Either include it or remove the dependency array  react-hooks/exhaustive-deps
  Line 382:9:   'filteredNews' is assigned a value but never used                                                                     no-unused-vars
  Line 383:9:   'topTrending' is assigned a value but never used                                                                      no-unused-vars

src/services/api.js
  Line 636:1:  Assign object to a variable before exporting as module default  import/no-anonymous-default-export
  Line 705:3:  Duplicate key 'getMediaContacts'                                no-dupe-keys
  Line 711:3:  Duplicate key 'createMediaContact'                              no-dupe-keys

Search for the keywords to learn more about each warning.
To ignore, add // eslint-disable-next-line to the line before.

WARNING in [eslint] 
src/components/Intelligence/IntelligenceSummaryDashboard.js
  Line 3:3:     'Clock' is defined but never used                                                                                     no-unused-vars
  Line 4:44:    'Filter' is defined but never used                                                                                    no-unused-vars
  Line 5:3:     'ChevronRight' is defined but never used                                                                              no-unused-vars
  Line 6:31:    'Calendar' is defined but never used                                                                                  no-unused-vars
  Line 242:13:  'mockNews' is assigned a value but never used                                                                         no-unused-vars
  Line 340:6:   React Hook useEffect has a missing dependency: 'fetchIntelligence'. Either include it or remove the dependency array  react-hooks/exhaustive-deps
  Line 382:9:   'filteredNews' is assigned a value but never used                                                                     no-unused-vars
  Line 383:9:   'topTrending' is assigned a value but never used                                                                      no-unused-vars

src/services/api.js
  Line 636:1:  Assign object to a variable before exporting as module default  import/no-anonymous-default-export
  Line 705:3:  Duplicate key 'getMediaContacts'                                no-dupe-keys
  Line 711:3:  Duplicate key 'createMediaContact'                              no-dupe-keys

webpack compiled with 1 warning
No issues found.
Compiling...
Compiled with warnings.

[eslint] 
src/components/Intelligence/AutomatedOrganizationSetup.js
  Line 1:27:      'useEffect' is defined but never used                                                         no-unused-vars
  Line 3:14:      'Users' is defined but never used                                                             no-unused-vars
  Line 3:21:      'Target' is defined but never used                                                            no-unused-vars
  Line 4:3:       'ArrowRight' is defined but never used                                                        no-unused-vars
  Line 4:31:      'AlertCircle' is defined but never used                                                       no-unused-vars
  Line 4:44:      'Sparkles' is defined but never used                                                          no-unused-vars
  Line 5:3:       'Shield' is defined but never used                                                            no-unused-vars
  Line 5:16:      'Search' is defined but never used                                                            no-unused-vars
  Line 5:24:      'Save' is defined but never used                                                              no-unused-vars
  Line 6:21:      'Info' is defined but never used                                                              no-unused-vars
  Line 1315:68:   Unexpected mix of '&&' and '||'. Use parentheses to clarify the intended order of operations  no-mixed-operators
  Line 1315:105:  Unexpected mix of '&&' and '||'. Use parentheses to clarify the intended order of operations  no-mixed-operators

src/components/Intelligence/IntelligenceSummaryDashboard.js
  Line 3:3:     'Clock' is defined but never used                                                                                     no-unused-vars
  Line 4:44:    'Filter' is defined but never used                                                                                    no-unused-vars
  Line 5:3:     'ChevronRight' is defined but never used                                                                              no-unused-vars
  Line 6:31:    'Calendar' is defined but never used                                                                                  no-unused-vars
  Line 242:13:  'mockNews' is assigned a value but never used                                                                         no-unused-vars
  Line 340:6:   React Hook useEffect has a missing dependency: 'fetchIntelligence'. Either include it or remove the dependency array  react-hooks/exhaustive-deps
  Line 382:9:   'filteredNews' is assigned a value but never used                                                                     no-unused-vars
  Line 383:9:   'topTrending' is assigned a value but never used                                                                      no-unused-vars

src/services/api.js
  Line 636:1:  Assign object to a variable before exporting as module default  import/no-anonymous-default-export
  Line 705:3:  Duplicate key 'getMediaContacts'                                no-dupe-keys
  Line 711:3:  Duplicate key 'createMediaContact'                              no-dupe-keys

Search for the keywords to learn more about each warning.
To ignore, add // eslint-disable-next-line to the line before.

WARNING in [eslint] 
src/components/Intelligence/AutomatedOrganizationSetup.js
  Line 1:27:      'useEffect' is defined but never used                                                         no-unused-vars
  Line 3:14:      'Users' is defined but never used                                                             no-unused-vars
  Line 3:21:      'Target' is defined but never used                                                            no-unused-vars
  Line 4:3:       'ArrowRight' is defined but never used                                                        no-unused-vars
  Line 4:31:      'AlertCircle' is defined but never used                                                       no-unused-vars
  Line 4:44:      'Sparkles' is defined but never used                                                          no-unused-vars
  Line 5:3:       'Shield' is defined but never used                                                            no-unused-vars
  Line 5:16:      'Search' is defined but never used                                                            no-unused-vars
  Line 5:24:      'Save' is defined but never used                                                              no-unused-vars
  Line 6:21:      'Info' is defined but never used                                                              no-unused-vars
  Line 1315:68:   Unexpected mix of '&&' and '||'. Use parentheses to clarify the intended order of operations  no-mixed-operators
  Line 1315:105:  Unexpected mix of '&&' and '||'. Use parentheses to clarify the intended order of operations  no-mixed-operators

src/components/Intelligence/IntelligenceSummaryDashboard.js
  Line 3:3:     'Clock' is defined but never used                                                                                     no-unused-vars
  Line 4:44:    'Filter' is defined but never used                                                                                    no-unused-vars
  Line 5:3:     'ChevronRight' is defined but never used                                                                              no-unused-vars
  Line 6:31:    'Calendar' is defined but never used                                                                                  no-unused-vars
  Line 242:13:  'mockNews' is assigned a value but never used                                                                         no-unused-vars
  Line 340:6:   React Hook useEffect has a missing dependency: 'fetchIntelligence'. Either include it or remove the dependency array  react-hooks/exhaustive-deps
  Line 382:9:   'filteredNews' is assigned a value but never used                                                                     no-unused-vars
  Line 383:9:   'topTrending' is assigned a value but never used                                                                      no-unused-vars

src/services/api.js
  Line 636:1:  Assign object to a variable before exporting as module default  import/no-anonymous-default-export
  Line 705:3:  Duplicate key 'getMediaContacts'                                no-dupe-keys
  Line 711:3:  Duplicate key 'createMediaContact'                              no-dupe-keys

webpack compiled with 1 warning
No issues found.
Compiling...
Failed to compile.

[eslint] 
src/components/Intelligence/IntelligenceSummaryDashboard.js
  Line 545:66:  'Target' is not defined  no-undef

Search for the keywords to learn more about each error.
WARNING in [eslint] 
src/components/Intelligence/AutomatedOrganizationSetup.js
  Line 1:27:      'useEffect' is defined but never used                                                         no-unused-vars
  Line 3:14:      'Users' is defined but never used                                                             no-unused-vars
  Line 3:21:      'Target' is defined but never used                                                            no-unused-vars
  Line 4:3:       'ArrowRight' is defined but never used                                                        no-unused-vars
  Line 4:31:      'AlertCircle' is defined but never used                                                       no-unused-vars
  Line 4:44:      'Sparkles' is defined but never used                                                          no-unused-vars
  Line 5:3:       'Shield' is defined but never used                                                            no-unused-vars
  Line 5:16:      'Search' is defined but never used                                                            no-unused-vars
  Line 5:24:      'Save' is defined but never used                                                              no-unused-vars
  Line 6:21:      'Info' is defined but never used                                                              no-unused-vars
  Line 1315:68:   Unexpected mix of '&&' and '||'. Use parentheses to clarify the intended order of operations  no-mixed-operators
  Line 1315:105:  Unexpected mix of '&&' and '||'. Use parentheses to clarify the intended order of operations  no-mixed-operators

src/components/Intelligence/IntelligenceSummaryDashboard.js
  Line 3:3:     'Clock' is defined but never used                                                                                     no-unused-vars
  Line 4:44:    'Filter' is defined but never used                                                                                    no-unused-vars
  Line 5:3:     'ChevronRight' is defined but never used                                                                              no-unused-vars
  Line 6:31:    'Calendar' is defined but never used                                                                                  no-unused-vars
  Line 242:13:  'mockNews' is assigned a value but never used                                                                         no-unused-vars
  Line 340:6:   React Hook useEffect has a missing dependency: 'fetchIntelligence'. Either include it or remove the dependency array  react-hooks/exhaustive-deps
  Line 382:9:   'filteredNews' is assigned a value but never used                                                                     no-unused-vars
  Line 383:9:   'topTrending' is assigned a value but never used                                                                      no-unused-vars

src/services/api.js
  Line 636:1:  Assign object to a variable before exporting as module default  import/no-anonymous-default-export
  Line 705:3:  Duplicate key 'getMediaContacts'                                no-dupe-keys
  Line 711:3:  Duplicate key 'createMediaContact'                              no-dupe-keys

ERROR in [eslint] 
src/components/Intelligence/IntelligenceSummaryDashboard.js
  Line 545:66:  'Target' is not defined  no-undef

Search for the keywords to learn more about each error.

webpack compiled with 1 error and 1 warning
No issues found.
Compiling...
Compiled with warnings.

[eslint] 
src/components/Intelligence/AutomatedOrganizationSetup.js
  Line 1:27:      'useEffect' is defined but never used                                                         no-unused-vars
  Line 3:14:      'Users' is defined but never used                                                             no-unused-vars
  Line 3:21:      'Target' is defined but never used                                                            no-unused-vars
  Line 4:3:       'ArrowRight' is defined but never used                                                        no-unused-vars
  Line 4:31:      'AlertCircle' is defined but never used                                                       no-unused-vars
  Line 4:44:      'Sparkles' is defined but never used                                                          no-unused-vars
  Line 5:3:       'Shield' is defined but never used                                                            no-unused-vars
  Line 5:16:      'Search' is defined but never used                                                            no-unused-vars
  Line 5:24:      'Save' is defined but never used                                                              no-unused-vars
  Line 6:21:      'Info' is defined but never used                                                              no-unused-vars
  Line 1315:68:   Unexpected mix of '&&' and '||'. Use parentheses to clarify the intended order of operations  no-mixed-operators
  Line 1315:105:  Unexpected mix of '&&' and '||'. Use parentheses to clarify the intended order of operations  no-mixed-operators

src/components/Intelligence/IntelligenceSummaryDashboard.js
  Line 3:3:     'Clock' is defined but never used                                                                                     no-unused-vars
  Line 4:44:    'Filter' is defined but never used                                                                                    no-unused-vars
  Line 5:3:     'ChevronRight' is defined but never used                                                                              no-unused-vars
  Line 6:31:    'Calendar' is defined but never used                                                                                  no-unused-vars
  Line 242:13:  'mockNews' is assigned a value but never used                                                                         no-unused-vars
  Line 340:6:   React Hook useEffect has a missing dependency: 'fetchIntelligence'. Either include it or remove the dependency array  react-hooks/exhaustive-deps
  Line 382:9:   'filteredNews' is assigned a value but never used                                                                     no-unused-vars
  Line 383:9:   'topTrending' is assigned a value but never used                                                                      no-unused-vars

src/services/api.js
  Line 636:1:  Assign object to a variable before exporting as module default  import/no-anonymous-default-export
  Line 705:3:  Duplicate key 'getMediaContacts'                                no-dupe-keys
  Line 711:3:  Duplicate key 'createMediaContact'                              no-dupe-keys

Search for the keywords to learn more about each warning.
To ignore, add // eslint-disable-next-line to the line before.

WARNING in [eslint] 
src/components/Intelligence/AutomatedOrganizationSetup.js
  Line 1:27:      'useEffect' is defined but never used                                                         no-unused-vars
  Line 3:14:      'Users' is defined but never used                                                             no-unused-vars
  Line 3:21:      'Target' is defined but never used                                                            no-unused-vars
  Line 4:3:       'ArrowRight' is defined but never used                                                        no-unused-vars
  Line 4:31:      'AlertCircle' is defined but never used                                                       no-unused-vars
  Line 4:44:      'Sparkles' is defined but never used                                                          no-unused-vars
  Line 5:3:       'Shield' is defined but never used                                                            no-unused-vars
  Line 5:16:      'Search' is defined but never used                                                            no-unused-vars
  Line 5:24:      'Save' is defined but never used                                                              no-unused-vars
  Line 6:21:      'Info' is defined but never used                                                              no-unused-vars
  Line 1315:68:   Unexpected mix of '&&' and '||'. Use parentheses to clarify the intended order of operations  no-mixed-operators
  Line 1315:105:  Unexpected mix of '&&' and '||'. Use parentheses to clarify the intended order of operations  no-mixed-operators

src/components/Intelligence/IntelligenceSummaryDashboard.js
  Line 3:3:     'Clock' is defined but never used                                                                                     no-unused-vars
  Line 4:44:    'Filter' is defined but never used                                                                                    no-unused-vars
  Line 5:3:     'ChevronRight' is defined but never used                                                                              no-unused-vars
  Line 6:31:    'Calendar' is defined but never used                                                                                  no-unused-vars
  Line 242:13:  'mockNews' is assigned a value but never used                                                                         no-unused-vars
  Line 340:6:   React Hook useEffect has a missing dependency: 'fetchIntelligence'. Either include it or remove the dependency array  react-hooks/exhaustive-deps
  Line 382:9:   'filteredNews' is assigned a value but never used                                                                     no-unused-vars
  Line 383:9:   'topTrending' is assigned a value but never used                                                                      no-unused-vars

src/services/api.js
  Line 636:1:  Assign object to a variable before exporting as module default  import/no-anonymous-default-export
  Line 705:3:  Duplicate key 'getMediaContacts'                                no-dupe-keys
  Line 711:3:  Duplicate key 'createMediaContact'                              no-dupe-keys

webpack compiled with 1 warning
No issues found.
Compiling...
Compiled with warnings.

[eslint] 
src/components/Intelligence/AutomatedOrganizationSetup.js
  Line 1:27:      'useEffect' is defined but never used                                                         no-unused-vars
  Line 3:14:      'Users' is defined but never used                                                             no-unused-vars
  Line 3:21:      'Target' is defined but never used                                                            no-unused-vars
  Line 4:3:       'ArrowRight' is defined but never used                                                        no-unused-vars
  Line 4:31:      'AlertCircle' is defined but never used                                                       no-unused-vars
  Line 4:44:      'Sparkles' is defined but never used                                                          no-unused-vars
  Line 5:3:       'Shield' is defined but never used                                                            no-unused-vars
  Line 5:16:      'Search' is defined but never used                                                            no-unused-vars
  Line 5:24:      'Save' is defined but never used                                                              no-unused-vars
  Line 6:21:      'Info' is defined but never used                                                              no-unused-vars
  Line 1315:68:   Unexpected mix of '&&' and '||'. Use parentheses to clarify the intended order of operations  no-mixed-operators
  Line 1315:105:  Unexpected mix of '&&' and '||'. Use parentheses to clarify the intended order of operations  no-mixed-operators

src/components/Intelligence/IntelligenceSummaryDashboard.js
  Line 3:3:     'Clock' is defined but never used                                                                                     no-unused-vars
  Line 4:44:    'Filter' is defined but never used                                                                                    no-unused-vars
  Line 5:3:     'ChevronRight' is defined but never used                                                                              no-unused-vars
  Line 6:31:    'Calendar' is defined but never used                                                                                  no-unused-vars
  Line 242:13:  'mockNews' is assigned a value but never used                                                                         no-unused-vars
  Line 340:6:   React Hook useEffect has a missing dependency: 'fetchIntelligence'. Either include it or remove the dependency array  react-hooks/exhaustive-deps
  Line 382:9:   'filteredNews' is assigned a value but never used                                                                     no-unused-vars
  Line 383:9:   'topTrending' is assigned a value but never used                                                                      no-unused-vars

src/services/api.js
  Line 636:1:  Assign object to a variable before exporting as module default  import/no-anonymous-default-export
  Line 705:3:  Duplicate key 'getMediaContacts'                                no-dupe-keys
  Line 711:3:  Duplicate key 'createMediaContact'                              no-dupe-keys

Search for the keywords to learn more about each warning.
To ignore, add // eslint-disable-next-line to the line before.

WARNING in [eslint] 
src/components/Intelligence/AutomatedOrganizationSetup.js
  Line 1:27:      'useEffect' is defined but never used                                                         no-unused-vars
  Line 3:14:      'Users' is defined but never used                                                             no-unused-vars
  Line 3:21:      'Target' is defined but never used                                                            no-unused-vars
  Line 4:3:       'ArrowRight' is defined but never used                                                        no-unused-vars
  Line 4:31:      'AlertCircle' is defined but never used                                                       no-unused-vars
  Line 4:44:      'Sparkles' is defined but never used                                                          no-unused-vars
  Line 5:3:       'Shield' is defined but never used                                                            no-unused-vars
  Line 5:16:      'Search' is defined but never used                                                            no-unused-vars
  Line 5:24:      'Save' is defined but never used                                                              no-unused-vars
  Line 6:21:      'Info' is defined but never used                                                              no-unused-vars
  Line 1315:68:   Unexpected mix of '&&' and '||'. Use parentheses to clarify the intended order of operations  no-mixed-operators
  Line 1315:105:  Unexpected mix of '&&' and '||'. Use parentheses to clarify the intended order of operations  no-mixed-operators

src/components/Intelligence/IntelligenceSummaryDashboard.js
  Line 3:3:     'Clock' is defined but never used                                                                                     no-unused-vars
  Line 4:44:    'Filter' is defined but never used                                                                                    no-unused-vars
  Line 5:3:     'ChevronRight' is defined but never used                                                                              no-unused-vars
  Line 6:31:    'Calendar' is defined but never used                                                                                  no-unused-vars
  Line 242:13:  'mockNews' is assigned a value but never used                                                                         no-unused-vars
  Line 340:6:   React Hook useEffect has a missing dependency: 'fetchIntelligence'. Either include it or remove the dependency array  react-hooks/exhaustive-deps
  Line 382:9:   'filteredNews' is assigned a value but never used                                                                     no-unused-vars
  Line 383:9:   'topTrending' is assigned a value but never used                                                                      no-unused-vars

src/services/api.js
  Line 636:1:  Assign object to a variable before exporting as module default  import/no-anonymous-default-export
  Line 705:3:  Duplicate key 'getMediaContacts'                                no-dupe-keys
  Line 711:3:  Duplicate key 'createMediaContact'                              no-dupe-keys

webpack compiled with 1 warning
No issues found.
Compiling...
Compiled with warnings.

[eslint] 
src/components/Intelligence/AutomatedOrganizationSetup.js
  Line 1:27:      'useEffect' is defined but never used                                                         no-unused-vars
  Line 3:14:      'Users' is defined but never used                                                             no-unused-vars
  Line 3:21:      'Target' is defined but never used                                                            no-unused-vars
  Line 4:3:       'ArrowRight' is defined but never used                                                        no-unused-vars
  Line 4:31:      'AlertCircle' is defined but never used                                                       no-unused-vars
  Line 4:44:      'Sparkles' is defined but never used                                                          no-unused-vars
  Line 5:3:       'Shield' is defined but never used                                                            no-unused-vars
  Line 5:16:      'Search' is defined but never used                                                            no-unused-vars
  Line 5:24:      'Save' is defined but never used                                                              no-unused-vars
  Line 6:21:      'Info' is defined but never used                                                              no-unused-vars
  Line 1332:68:   Unexpected mix of '&&' and '||'. Use parentheses to clarify the intended order of operations  no-mixed-operators
  Line 1332:105:  Unexpected mix of '&&' and '||'. Use parentheses to clarify the intended order of operations  no-mixed-operators

src/components/Intelligence/IntelligenceSummaryDashboard.js
  Line 3:3:     'Clock' is defined but never used                                                                                     no-unused-vars
  Line 4:44:    'Filter' is defined but never used                                                                                    no-unused-vars
  Line 5:3:     'ChevronRight' is defined but never used                                                                              no-unused-vars
  Line 6:31:    'Calendar' is defined but never used                                                                                  no-unused-vars
  Line 242:13:  'mockNews' is assigned a value but never used                                                                         no-unused-vars
  Line 340:6:   React Hook useEffect has a missing dependency: 'fetchIntelligence'. Either include it or remove the dependency array  react-hooks/exhaustive-deps
  Line 382:9:   'filteredNews' is assigned a value but never used                                                                     no-unused-vars
  Line 383:9:   'topTrending' is assigned a value but never used                                                                      no-unused-vars

src/services/api.js
  Line 636:1:  Assign object to a variable before exporting as module default  import/no-anonymous-default-export
  Line 705:3:  Duplicate key 'getMediaContacts'                                no-dupe-keys
  Line 711:3:  Duplicate key 'createMediaContact'                              no-dupe-keys

Search for the keywords to learn more about each warning.
To ignore, add // eslint-disable-next-line to the line before.

WARNING in [eslint] 
src/components/Intelligence/AutomatedOrganizationSetup.js
  Line 1:27:      'useEffect' is defined but never used                                                         no-unused-vars
  Line 3:14:      'Users' is defined but never used                                                             no-unused-vars
  Line 3:21:      'Target' is defined but never used                                                            no-unused-vars
  Line 4:3:       'ArrowRight' is defined but never used                                                        no-unused-vars
  Line 4:31:      'AlertCircle' is defined but never used                                                       no-unused-vars
  Line 4:44:      'Sparkles' is defined but never used                                                          no-unused-vars
  Line 5:3:       'Shield' is defined but never used                                                            no-unused-vars
  Line 5:16:      'Search' is defined but never used                                                            no-unused-vars
  Line 5:24:      'Save' is defined but never used                                                              no-unused-vars
  Line 6:21:      'Info' is defined but never used                                                              no-unused-vars
  Line 1332:68:   Unexpected mix of '&&' and '||'. Use parentheses to clarify the intended order of operations  no-mixed-operators
  Line 1332:105:  Unexpected mix of '&&' and '||'. Use parentheses to clarify the intended order of operations  no-mixed-operators

src/components/Intelligence/IntelligenceSummaryDashboard.js
  Line 3:3:     'Clock' is defined but never used                                                                                     no-unused-vars
  Line 4:44:    'Filter' is defined but never used                                                                                    no-unused-vars
  Line 5:3:     'ChevronRight' is defined but never used                                                                              no-unused-vars
  Line 6:31:    'Calendar' is defined but never used                                                                                  no-unused-vars
  Line 242:13:  'mockNews' is assigned a value but never used                                                                         no-unused-vars
  Line 340:6:   React Hook useEffect has a missing dependency: 'fetchIntelligence'. Either include it or remove the dependency array  react-hooks/exhaustive-deps
  Line 382:9:   'filteredNews' is assigned a value but never used                                                                     no-unused-vars
  Line 383:9:   'topTrending' is assigned a value but never used                                                                      no-unused-vars

src/services/api.js
  Line 636:1:  Assign object to a variable before exporting as module default  import/no-anonymous-default-export
  Line 705:3:  Duplicate key 'getMediaContacts'                                no-dupe-keys
  Line 711:3:  Duplicate key 'createMediaContact'                              no-dupe-keys

webpack compiled with 1 warning
No issues found.
Compiling...
Compiled with warnings.

[eslint] 
src/components/Intelligence/AutomatedOrganizationSetup.js
  Line 1:27:      'useEffect' is defined but never used                                                         no-unused-vars
  Line 3:14:      'Users' is defined but never used                                                             no-unused-vars
  Line 3:21:      'Target' is defined but never used                                                            no-unused-vars
  Line 4:3:       'ArrowRight' is defined but never used                                                        no-unused-vars
  Line 4:31:      'AlertCircle' is defined but never used                                                       no-unused-vars
  Line 4:44:      'Sparkles' is defined but never used                                                          no-unused-vars
  Line 5:3:       'Shield' is defined but never used                                                            no-unused-vars
  Line 5:16:      'Search' is defined but never used                                                            no-unused-vars
  Line 5:24:      'Save' is defined but never used                                                              no-unused-vars
  Line 6:21:      'Info' is defined but never used                                                              no-unused-vars
  Line 1332:68:   Unexpected mix of '&&' and '||'. Use parentheses to clarify the intended order of operations  no-mixed-operators
  Line 1332:105:  Unexpected mix of '&&' and '||'. Use parentheses to clarify the intended order of operations  no-mixed-operators

src/components/Intelligence/IntelligenceSummaryDashboard.js
  Line 3:3:     'Clock' is defined but never used                                                                                     no-unused-vars
  Line 4:44:    'Filter' is defined but never used                                                                                    no-unused-vars
  Line 5:3:     'ChevronRight' is defined but never used                                                                              no-unused-vars
  Line 6:31:    'Calendar' is defined but never used                                                                                  no-unused-vars
  Line 242:13:  'mockNews' is assigned a value but never used                                                                         no-unused-vars
  Line 340:6:   React Hook useEffect has a missing dependency: 'fetchIntelligence'. Either include it or remove the dependency array  react-hooks/exhaustive-deps
  Line 382:9:   'filteredNews' is assigned a value but never used                                                                     no-unused-vars
  Line 383:9:   'topTrending' is assigned a value but never used                                                                      no-unused-vars

src/services/api.js
  Line 636:1:  Assign object to a variable before exporting as module default  import/no-anonymous-default-export
  Line 705:3:  Duplicate key 'getMediaContacts'                                no-dupe-keys
  Line 711:3:  Duplicate key 'createMediaContact'                              no-dupe-keys

Search for the keywords to learn more about each warning.
To ignore, add // eslint-disable-next-line to the line before.

WARNING in [eslint] 
src/components/Intelligence/AutomatedOrganizationSetup.js
  Line 1:27:      'useEffect' is defined but never used                                                         no-unused-vars
  Line 3:14:      'Users' is defined but never used                                                             no-unused-vars
  Line 3:21:      'Target' is defined but never used                                                            no-unused-vars
  Line 4:3:       'ArrowRight' is defined but never used                                                        no-unused-vars
  Line 4:31:      'AlertCircle' is defined but never used                                                       no-unused-vars
  Line 4:44:      'Sparkles' is defined but never used                                                          no-unused-vars
  Line 5:3:       'Shield' is defined but never used                                                            no-unused-vars
  Line 5:16:      'Search' is defined but never used                                                            no-unused-vars
  Line 5:24:      'Save' is defined but never used                                                              no-unused-vars
  Line 6:21:      'Info' is defined but never used                                                              no-unused-vars
  Line 1332:68:   Unexpected mix of '&&' and '||'. Use parentheses to clarify the intended order of operations  no-mixed-operators
  Line 1332:105:  Unexpected mix of '&&' and '||'. Use parentheses to clarify the intended order of operations  no-mixed-operators

src/components/Intelligence/IntelligenceSummaryDashboard.js
  Line 3:3:     'Clock' is defined but never used                                                                                     no-unused-vars
  Line 4:44:    'Filter' is defined but never used                                                                                    no-unused-vars
  Line 5:3:     'ChevronRight' is defined but never used                                                                              no-unused-vars
  Line 6:31:    'Calendar' is defined but never used                                                                                  no-unused-vars
  Line 242:13:  'mockNews' is assigned a value but never used                                                                         no-unused-vars
  Line 340:6:   React Hook useEffect has a missing dependency: 'fetchIntelligence'. Either include it or remove the dependency array  react-hooks/exhaustive-deps
  Line 382:9:   'filteredNews' is assigned a value but never used                                                                     no-unused-vars
  Line 383:9:   'topTrending' is assigned a value but never used                                                                      no-unused-vars

src/services/api.js
  Line 636:1:  Assign object to a variable before exporting as module default  import/no-anonymous-default-export
  Line 705:3:  Duplicate key 'getMediaContacts'                                no-dupe-keys
  Line 711:3:  Duplicate key 'createMediaContact'                              no-dupe-keys

webpack compiled with 1 warning
No issues found.
Compiling...
Compiled with warnings.

[eslint] 
src/components/Intelligence/AutomatedOrganizationSetup.js
  Line 1:27:      'useEffect' is defined but never used                                                         no-unused-vars
  Line 3:14:      'Users' is defined but never used                                                             no-unused-vars
  Line 3:21:      'Target' is defined but never used                                                            no-unused-vars
  Line 4:3:       'ArrowRight' is defined but never used                                                        no-unused-vars
  Line 4:31:      'AlertCircle' is defined but never used                                                       no-unused-vars
  Line 4:44:      'Sparkles' is defined but never used                                                          no-unused-vars
  Line 5:3:       'Shield' is defined but never used                                                            no-unused-vars
  Line 5:16:      'Search' is defined but never used                                                            no-unused-vars
  Line 5:24:      'Save' is defined but never used                                                              no-unused-vars
  Line 6:21:      'Info' is defined but never used                                                              no-unused-vars
  Line 1332:68:   Unexpected mix of '&&' and '||'. Use parentheses to clarify the intended order of operations  no-mixed-operators
  Line 1332:105:  Unexpected mix of '&&' and '||'. Use parentheses to clarify the intended order of operations  no-mixed-operators

src/components/Intelligence/IntelligenceSummaryDashboard.js
  Line 3:3:     'Clock' is defined but never used                                                                                     no-unused-vars
  Line 4:44:    'Filter' is defined but never used                                                                                    no-unused-vars
  Line 5:3:     'ChevronRight' is defined but never used                                                                              no-unused-vars
  Line 6:31:    'Calendar' is defined but never used                                                                                  no-unused-vars
  Line 242:13:  'mockNews' is assigned a value but never used                                                                         no-unused-vars
  Line 340:6:   React Hook useEffect has a missing dependency: 'fetchIntelligence'. Either include it or remove the dependency array  react-hooks/exhaustive-deps
  Line 382:9:   'filteredNews' is assigned a value but never used                                                                     no-unused-vars
  Line 383:9:   'topTrending' is assigned a value but never used                                                                      no-unused-vars

src/services/api.js
  Line 636:1:  Assign object to a variable before exporting as module default  import/no-anonymous-default-export
  Line 705:3:  Duplicate key 'getMediaContacts'                                no-dupe-keys
  Line 711:3:  Duplicate key 'createMediaContact'                              no-dupe-keys

Search for the keywords to learn more about each warning.
To ignore, add // eslint-disable-next-line to the line before.

WARNING in [eslint] 
src/components/Intelligence/AutomatedOrganizationSetup.js
  Line 1:27:      'useEffect' is defined but never used                                                         no-unused-vars
  Line 3:14:      'Users' is defined but never used                                                             no-unused-vars
  Line 3:21:      'Target' is defined but never used                                                            no-unused-vars
  Line 4:3:       'ArrowRight' is defined but never used                                                        no-unused-vars
  Line 4:31:      'AlertCircle' is defined but never used                                                       no-unused-vars
  Line 4:44:      'Sparkles' is defined but never used                                                          no-unused-vars
  Line 5:3:       'Shield' is defined but never used                                                            no-unused-vars
  Line 5:16:      'Search' is defined but never used                                                            no-unused-vars
  Line 5:24:      'Save' is defined but never used                                                              no-unused-vars
  Line 6:21:      'Info' is defined but never used                                                              no-unused-vars
  Line 1332:68:   Unexpected mix of '&&' and '||'. Use parentheses to clarify the intended order of operations  no-mixed-operators
  Line 1332:105:  Unexpected mix of '&&' and '||'. Use parentheses to clarify the intended order of operations  no-mixed-operators

src/components/Intelligence/IntelligenceSummaryDashboard.js
  Line 3:3:     'Clock' is defined but never used                                                                                     no-unused-vars
  Line 4:44:    'Filter' is defined but never used                                                                                    no-unused-vars
  Line 5:3:     'ChevronRight' is defined but never used                                                                              no-unused-vars
  Line 6:31:    'Calendar' is defined but never used                                                                                  no-unused-vars
  Line 242:13:  'mockNews' is assigned a value but never used                                                                         no-unused-vars
  Line 340:6:   React Hook useEffect has a missing dependency: 'fetchIntelligence'. Either include it or remove the dependency array  react-hooks/exhaustive-deps
  Line 382:9:   'filteredNews' is assigned a value but never used                                                                     no-unused-vars
  Line 383:9:   'topTrending' is assigned a value but never used                                                                      no-unused-vars

src/services/api.js
  Line 636:1:  Assign object to a variable before exporting as module default  import/no-anonymous-default-export
  Line 705:3:  Duplicate key 'getMediaContacts'                                no-dupe-keys
  Line 711:3:  Duplicate key 'createMediaContact'                              no-dupe-keys

webpack compiled with 1 warning
No issues found.
Compiling...
Compiled with warnings.

[eslint] 
src/components/Intelligence/AutomatedOrganizationSetup.js
  Line 1:27:      'useEffect' is defined but never used                                                         no-unused-vars
  Line 3:14:      'Users' is defined but never used                                                             no-unused-vars
  Line 3:21:      'Target' is defined but never used                                                            no-unused-vars
  Line 4:3:       'ArrowRight' is defined but never used                                                        no-unused-vars
  Line 4:31:      'AlertCircle' is defined but never used                                                       no-unused-vars
  Line 4:44:      'Sparkles' is defined but never used                                                          no-unused-vars
  Line 5:3:       'Shield' is defined but never used                                                            no-unused-vars
  Line 5:16:      'Search' is defined but never used                                                            no-unused-vars
  Line 5:24:      'Save' is defined but never used                                                              no-unused-vars
  Line 6:21:      'Info' is defined but never used                                                              no-unused-vars
  Line 1332:68:   Unexpected mix of '&&' and '||'. Use parentheses to clarify the intended order of operations  no-mixed-operators
  Line 1332:105:  Unexpected mix of '&&' and '||'. Use parentheses to clarify the intended order of operations  no-mixed-operators

src/components/Intelligence/IntelligenceSummaryDashboard.js
  Line 3:3:     'Clock' is defined but never used                                                                                     no-unused-vars
  Line 4:44:    'Filter' is defined but never used                                                                                    no-unused-vars
  Line 5:3:     'ChevronRight' is defined but never used                                                                              no-unused-vars
  Line 6:31:    'Calendar' is defined but never used                                                                                  no-unused-vars
  Line 242:13:  'mockNews' is assigned a value but never used                                                                         no-unused-vars
  Line 340:6:   React Hook useEffect has a missing dependency: 'fetchIntelligence'. Either include it or remove the dependency array  react-hooks/exhaustive-deps
  Line 382:9:   'filteredNews' is assigned a value but never used                                                                     no-unused-vars
  Line 383:9:   'topTrending' is assigned a value but never used                                                                      no-unused-vars

src/services/api.js
  Line 636:1:  Assign object to a variable before exporting as module default  import/no-anonymous-default-export
  Line 705:3:  Duplicate key 'getMediaContacts'                                no-dupe-keys
  Line 711:3:  Duplicate key 'createMediaContact'                              no-dupe-keys

Search for the keywords to learn more about each warning.
To ignore, add // eslint-disable-next-line to the line before.

WARNING in [eslint] 
src/components/Intelligence/AutomatedOrganizationSetup.js
  Line 1:27:      'useEffect' is defined but never used                                                         no-unused-vars
  Line 3:14:      'Users' is defined but never used                                                             no-unused-vars
  Line 3:21:      'Target' is defined but never used                                                            no-unused-vars
  Line 4:3:       'ArrowRight' is defined but never used                                                        no-unused-vars
  Line 4:31:      'AlertCircle' is defined but never used                                                       no-unused-vars
  Line 4:44:      'Sparkles' is defined but never used                                                          no-unused-vars
  Line 5:3:       'Shield' is defined but never used                                                            no-unused-vars
  Line 5:16:      'Search' is defined but never used                                                            no-unused-vars
  Line 5:24:      'Save' is defined but never used                                                              no-unused-vars
  Line 6:21:      'Info' is defined but never used                                                              no-unused-vars
  Line 1332:68:   Unexpected mix of '&&' and '||'. Use parentheses to clarify the intended order of operations  no-mixed-operators
  Line 1332:105:  Unexpected mix of '&&' and '||'. Use parentheses to clarify the intended order of operations  no-mixed-operators

src/components/Intelligence/IntelligenceSummaryDashboard.js
  Line 3:3:     'Clock' is defined but never used                                                                                     no-unused-vars
  Line 4:44:    'Filter' is defined but never used                                                                                    no-unused-vars
  Line 5:3:     'ChevronRight' is defined but never used                                                                              no-unused-vars
  Line 6:31:    'Calendar' is defined but never used                                                                                  no-unused-vars
  Line 242:13:  'mockNews' is assigned a value but never used                                                                         no-unused-vars
  Line 340:6:   React Hook useEffect has a missing dependency: 'fetchIntelligence'. Either include it or remove the dependency array  react-hooks/exhaustive-deps
  Line 382:9:   'filteredNews' is assigned a value but never used                                                                     no-unused-vars
  Line 383:9:   'topTrending' is assigned a value but never used                                                                      no-unused-vars

src/services/api.js
  Line 636:1:  Assign object to a variable before exporting as module default  import/no-anonymous-default-export
  Line 705:3:  Duplicate key 'getMediaContacts'                                no-dupe-keys
  Line 711:3:  Duplicate key 'createMediaContact'                              no-dupe-keys

webpack compiled with 1 warning
No issues found.
