🚀 UNIFIED MONITORING SYSTEM STARTUP
============================================================
This service will:
  ✓ Monitor 154 RSS feeds across 25 industries
  ✓ Query 192 Google News searches
  ✓ Process data every 5 minutes
  ✓ Store all articles in database
  ✓ Detect opportunities in real-time
============================================================

🚀 STARTING CONTINUOUS MONITORING SERVICE
📊 Interval: Every 5 minutes
📡 Total sources to monitor: 352+

============================================================
🔄 MONITORING CYCLE STARTED at 2025-08-07T05:36:04.750Z
============================================================
Successfully connected to PostgreSQL database
📚 Retrieved 25 source configurations from database

📡 Fetching 154 RSS feeds...
  Progress: 100/154 feeds processed
  Progress: 154/154 feeds processed
📰 RSS Results: 93 successful, 61 failed, 1472 articles

🔍 Fetching 192 Google News queries...
  Progress: 30/192 queries processed
  Progress: 60/192 queries processed
  Progress: 90/192 queries processed
  Progress: 120/192 queries processed
  Progress: 150/192 queries processed
  Progress: 180/192 queries processed
  Progress: 192/192 queries processed
🔍 Google News Results: 190 successful, 3780 articles

💾 Storing 5252 articles in database...
Error storing batch: there is no unique or exclusion constraint matching the ON CONFLICT specification
Error storing batch: there is no unique or exclusion constraint matching the ON CONFLICT specification
Error storing batch: there is no unique or exclusion constraint matching the ON CONFLICT specification
Error storing batch: there is no unique or exclusion constraint matching the ON CONFLICT specification
Error storing batch: (article.title || "Untitled").replace is not a function
Error storing batch: there is no unique or exclusion constraint matching the ON CONFLICT specification
Error storing batch: there is no unique or exclusion constraint matching the ON CONFLICT specification
Error storing batch: (article.title || "Untitled").replace is not a function
Error storing batch: (article.title || "Untitled").replace is not a function
Error storing batch: there is no unique or exclusion constraint matching the ON CONFLICT specification
Error storing batch: there is no unique or exclusion constraint matching the ON CONFLICT specification
Error storing batch: there is no unique or exclusion constraint matching the ON CONFLICT specification
Error storing batch: there is no unique or exclusion constraint matching the ON CONFLICT specification
Error storing batch: there is no unique or exclusion constraint matching the ON CONFLICT specification
Error storing batch: there is no unique or exclusion constraint matching the ON CONFLICT specification
Error storing batch: there is no unique or exclusion constraint matching the ON CONFLICT specification
Error storing batch: there is no unique or exclusion constraint matching the ON CONFLICT specification
Error storing batch: there is no unique or exclusion constraint matching the ON CONFLICT specification
Error storing batch: there is no unique or exclusion constraint matching the ON CONFLICT specification
Error storing batch: there is no unique or exclusion constraint matching the ON CONFLICT specification
Error storing batch: there is no unique or exclusion constraint matching the ON CONFLICT specification
Error storing batch: there is no unique or exclusion constraint matching the ON CONFLICT specification
Error storing batch: there is no unique or exclusion constraint matching the ON CONFLICT specification
Error storing batch: there is no unique or exclusion constraint matching the ON CONFLICT specification
Error storing batch: there is no unique or exclusion constraint matching the ON CONFLICT specification
Error storing batch: there is no unique or exclusion constraint matching the ON CONFLICT specification
Error storing batch: there is no unique or exclusion constraint matching the ON CONFLICT specification
Error storing batch: there is no unique or exclusion constraint matching the ON CONFLICT specification
Error storing batch: there is no unique or exclusion constraint matching the ON CONFLICT specification
Error storing batch: there is no unique or exclusion constraint matching the ON CONFLICT specification
Error storing batch: there is no unique or exclusion constraint matching the ON CONFLICT specification
Error storing batch: there is no unique or exclusion constraint matching the ON CONFLICT specification
Error storing batch: there is no unique or exclusion constraint matching the ON CONFLICT specification
Error storing batch: there is no unique or exclusion constraint matching the ON CONFLICT specification
Error storing batch: there is no unique or exclusion constraint matching the ON CONFLICT specification
Error storing batch: there is no unique or exclusion constraint matching the ON CONFLICT specification
Error storing batch: there is no unique or exclusion constraint matching the ON CONFLICT specification
Error storing batch: there is no unique or exclusion constraint matching the ON CONFLICT specification
Error storing batch: there is no unique or exclusion constraint matching the ON CONFLICT specification
Error storing batch: there is no unique or exclusion constraint matching the ON CONFLICT specification
Error storing batch: there is no unique or exclusion constraint matching the ON CONFLICT specification
Error storing batch: there is no unique or exclusion constraint matching the ON CONFLICT specification
Error storing batch: there is no unique or exclusion constraint matching the ON CONFLICT specification
Error storing batch: there is no unique or exclusion constraint matching the ON CONFLICT specification
Error storing batch: there is no unique or exclusion constraint matching the ON CONFLICT specification
Error storing batch: there is no unique or exclusion constraint matching the ON CONFLICT specification
Error storing batch: there is no unique or exclusion constraint matching the ON CONFLICT specification
Error storing batch: there is no unique or exclusion constraint matching the ON CONFLICT specification
Error storing batch: there is no unique or exclusion constraint matching the ON CONFLICT specification
Error storing batch: there is no unique or exclusion constraint matching the ON CONFLICT specification
Error storing batch: there is no unique or exclusion constraint matching the ON CONFLICT specification
Error storing batch: there is no unique or exclusion constraint matching the ON CONFLICT specification
Error storing batch: there is no unique or exclusion constraint matching the ON CONFLICT specification
  ✅ Successfully stored 0 new articles
💾 Stored 0 articles in database

🎯 Triggering opportunity detection...
  Analyzing 0 recent articles for opportunities...
  ✅ Opportunity detection triggered

📊 Monitoring statistics updated

✅ MONITORING CYCLE COMPLETE in 184.1 seconds
📊 Total articles collected: 5252
✅ Continuous monitoring started successfully

✅ Monitoring service is running. Press Ctrl+C to stop.


📊 Status Update: 2025-08-07T05:39:38.857Z
  Active: true
  Total Fetches: 0
  Successful: 0
  Articles Collected: 0
